1369853617679	9
1369853622833	381
1369853622913	71
1369853622962	55
1369853623039	1716
1369853623101	212
1369853623170	56
1369853623237	1434
1369853623311	237
1369853623376	103
1369853623440	619
1369853623512	259
1369853623581	223
1369853623646	20
1369853623716	369
1369853623785	1922
1369853623853	575
1369853623923	115
1369853623992	555
1369853624056	227
1369853624119	9
1369853629746	61
1369853629815	118
1369853629847	724
1369853629965	707
1369853629995	407
1369853630026	1
1369853630057	1021
1369853630183	689
1369853630211	127
1369853630243	393
1369853630406	359
1369853630437	1080
1369853630471	259
1369853630646	331
1369853630908	119
1369853631083	327
1369853631113	974
1369853631144	719
1369853631176	797
1369853631253	1539
1369853631285	34
1369853631373	727
1369853631402	1574
1369853631434	1204
1369853631465	395
1369853631496	96
1369853631555	9
1369853633081	9
1369853640959	352
1369853641026	1397
1369853641104	2221
1369853641165	112
1369853641230	1462
1369853641299	500
1369853641365	453
1369853641439	2
1369853641507	1697
1369853641573	205
1369853641646	940
1369853641709	736
1369853641774	1155
1369853641847	136
1369853641915	2
1369853641982	639
1369853642052	749
1369853642122	9
1369853649017	9
1369853650437	9
1369853657945	9
1369853660882	259
1369853660916	2
1369853660952	424
1369853660985	1554
1369853661023	112
1369853661266	788
1369853661294	632
1369853661322	574
1369853661354	901
1369853661409	450
1369853661446	494
1369853661533	1900
1369853661567	1491
1369853661622	1123
1369853661707	48
1369853661795	36
1369853661845	1440
1369853661929	1100
1369853661965	1143
1369853662004	1018
1369853662147	1582
1369853662185	9
1369853670752	232
1369853670821	116
1369853670898	251
1369853670960	131
1369853671027	214
1369853671093	2
1369853671162	582
1369853671231	523
1369853671302	899
1369853671366	2
1369853671433	982
1369853671504	2959
1369853671574	104
1369853671639	419
1369853671705	231
1369853671786	154
1369853671842	1398
1369853671909	2
1369853671980	1567
1369853672048	263
1369853672119	567
1369853672183	9
1369853678786	9
1369853684995	1197
1369853685210	610
1369853685238	154
1369853685269	248
1369853685666	1
1369853685694	657
1369853685721	770
1369853685752	577
1369853685787	61
1369853685895	298
1369853685923	185
1369853685960	358
1369853686104	196
1369853686134	1371
1369853686167	1391
1369853686246	1859
1369853686277	1398
1369853686321	559
1369853686357	9
1369853689860	636
1369853689928	106
1369853689998	564
1369853690068	910
1369853690133	328
1369853690218	529
1369853690392	162
1369853690436	68
1369853690474	941
1369853690507	855
1369853690550	329
1369853690617	1220
1369853690681	551
1369853690760	390
1369853690816	863
1369853690883	1213
1369853690950	442
1369853691020	354
1369853691089	1287
1369853691951	2507
1369853691982	215
1369853692091	9
1369853693235	9
1369853694780	10
1369853694810	1600
1369853694846	39
1369853695003	370
1369853695033	750
1369853695062	237
1369853695092	834
1369853695147	541
1369853695214	413
1369853695282	200
1369853695350	2152
1369853695421	393
1369853695491	970
1369853695553	1557
1369853695620	2
1369853695691	546
1369853695785	1576
1369853695845	2577
1369853695896	2076
1369853695968	158
1369853696030	288
1369853696098	143
1369853696182	714
1369853696237	107
1369853696311	169
1369853696380	976
1369853696437	9
1369853698002	527
1369853698078	787
1369853698139	612
1369853698225	1075
1369853698314	2
1369853698344	721
1369853698405	609
1369853698474	658
1369853698544	1226
1369853698628	1493
1369853698689	553
1369853698749	182
1369853698821	1279
1369853698897	3325
1369853698951	2
1369853699021	1179
1369853699085	111
1369853699154	293
1369853699236	101
1369853699291	690
1369853699360	301
1369853699426	403
1369853699495	306
1369853699567	594
1369853699633	1256
1369853699702	1408
1369853699767	9
1369853709432	9
1369853715819	137
1369853715958	345
1369853715989	1590
1369853716068	315
1369853716097	201
1369853716204	83
1369853716237	358
1369853716291	1391
1369853716525	405
1369853716556	294
1369853716588	316
1369853716739	1567
1369853716772	485
1369853716806	520
1369853716953	87
1369853716985	752
1369853717018	173
1369853717048	567
1369853717166	9
1369853720619	9
1369853727924	664
1369853728005	1573
1369853728058	600
1369853728128	574
1369853728196	353
1369853728267	860
1369853728338	68
1369853728399	75
1369853728469	287
1369853728537	785
1369853728604	1074
1369853728678	190
1369853728753	306
1369853728811	94
1369853728882	702
1369853728951	178
1369853729019	230
1369853729082	1760
1369853729153	479
1369853729219	504
1369853729287	2
1369853729355	132
1369853729423	1944
1369853729495	40
1369853729560	911
1369853729630	398
1369853729701	13
1369853729774	690
1369853729848	791
1369853729904	128
1369853729980	526
1369853730043	888
1369853730106	2
1369853730172	9
1369853732281	9
1369853736469	9
1369853741592	9
1369853747387	726
1369853747474	698
1369853747520	553
1369853747587	1208
1369853747720	278
1369853747783	1060
1369853747860	621
1369853748005	1404
1369853748037	174
1369853748138	805
1369853748168	1229
1369853748220	1407
1369853748254	1421
1369853748449	1299
1369853748480	1248
1369853748521	1163
1369853748673	658
1369853748710	667
1369853748755	163
1369853748885	796
1369853748914	9
1369853754234	9
1369853756728	342
1369853757119	716
1369853757148	1515
1369853757180	311
1369853757214	983
1369853757343	68
1369853757402	341
1369853757435	282
1369853757558	971
1369853757587	42
1369853757625	294
1369853757781	739
1369853757810	1484
1369853757859	123
1369853757943	1031
1369853757999	773
1369853758029	399
1369853758061	1304
1369853758215	935
1369853758246	1345
1369853758284	97
1369853758660	371
1369853758692	2
1369853758724	266
1369853758755	9
1369853764426	9
1369853769605	9
1369853773318	232
1369853773396	803
1369853773427	225
1369853773532	388
1369853773562	291
1369853773600	479
1369853773754	1809
1369853773787	1695
1369853773825	382
1369853773859	1142
1369853773985	229
1369853774015	330
1369853774045	452
1369853774207	563
1369853774239	366
1369853774270	77
1369853774422	362
1369853774453	32
1369853774486	975
1369853774518	9
1369853783390	9
1369853791220	861
1369853791297	737
1369853791351	2822
1369853791413	894
1369853791487	33
1369853791549	264
1369853791617	235
1369853791692	657
1369853791755	547
1369853791826	2
1369853791898	755
1369853791960	2
1369853792029	904
1369853792117	218
1369853792167	3777
1369853792231	435
1369853792299	143
1369853792366	495
1369853792433	18
1369853792500	1094
1369853792573	27
1369853792635	1015
1369853792705	977
1369853792768	9
1369853795725	9
1369853803740	767
1369853803824	360
1369853803854	164
1369853803889	41
1369853803924	1138
1369853804631	204
1369853804665	85
1369853804697	544
1369853804731	650
1369853804763	1
1369853804803	338
1369853808505	307
1369853808579	135
1369853808642	1041
1369853808725	1357
1369853808783	1165
1369853808848	1869
1369853808922	12
1369853808984	121
1369853809050	340
1369853809120	18
1369853809186	58
1369853809266	1349
1369853809325	211
1369853809394	205
1369853809460	874
1369853809531	487
1369853809598	265
1369853809664	26
1369853809741	224
1369853809797	933
1369853809866	254
1369853809931	9
1369853813199	9
1369853817257	9
1369853824458	169
1369853824540	332
1369853824595	1580
1369853824656	800
1369853824729	2641
1369853824791	1212
1369853824860	2497
1369853824929	1153
1369853824996	48
1369853825062	204
1369853825129	740
1369853825197	1718
1369853825267	1981
1369853825338	209
1369853825402	1184
1369853825477	10
1369853825542	2007
1369853825604	484
1369853825674	337
1369853825740	1389
1369853825807	171
1369853825875	421
1369853825949	2
1369853826010	59
1369853826078	64
1369853826144	357
1369853826213	1009
1369853826290	517
1369853826350	1467
1369853826418	1162
1369853826482	9
1369853828946	9
1369853829967	520
1369853830035	745
1369853830102	248
1369853830173	1103
1369853830239	395
1369853830316	1071
1369853830383	1231
1369853830449	1511
1369853830522	15
1369853830580	1631
1369853830669	439
1369853830714	108
1369853830776	68
1369853830844	558
1369853830914	117
1369853830981	746
1369853831049	977
1369853831117	465
1369853831184	2849
1369853831253	375
1369853831322	205
1369853831386	758
1369853831458	397
1369853831521	9
1369853833845	9
1369853835672	9
1369853836970	363
1369853837175	700
1369853837203	481
1369853837235	98
1369853837396	884
1369853837422	58
1369853837455	436
1369853837620	112
1369853837650	254
1369853837712	614
1369853837747	47
1369853838063	298
1369853838096	666
1369853838127	172
1369853838160	2459
1369853838283	2754
1369853838314	1800
1369853838353	1
1369853838501	57
1369853838534	109
1369853838573	210
1369853838724	9
1369853847100	1317
1369853847171	831
1369853847236	692
1369853847308	1338
1369853847372	50
1369853847443	853
1369853847520	221
1369853847578	62
1369853847648	811
1369853847711	626
1369853847783	2
1369853847847	2
1369853847916	325
1369853847992	701
1369853848053	582
1369853848122	1159
1369853848195	164
1369853848258	1284
1369853848332	2151
1369853848465	1685
1369853848532	2095
1369853848601	131
1369853848668	1398
1369853848741	1499
1369853848807	357
1369853848870	9
1369853852530	9
1369853853362	9
1369853863285	333
1369853863368	122
1369853863427	138
1369853863498	235
1369853863543	320
1369853863611	1233
1369853863683	1623
1369853863750	1293
1369853863819	124
1369853863888	983
1369853863950	553
1369853864018	375
1369853864087	2455
1369853864156	2056
1369853864224	2
1369853864300	346
1369853864363	108
1369853864426	1926
1369853864502	826
1369853864562	98
1369853864631	580
1369853864705	1185
1369853864766	824
1369853864834	1015
1369853864907	980
1369853864968	9
1369853874970	281
1369853875042	1583
1369853875102	53
1369853875183	108
1369853875335	793
1369853875404	1451
1369853875451	690
1369853875514	315
1369853875579	1110
1369853875649	872
1369853875751	457
1369853875792	386
1369853875883	148
1369853875932	817
1369853875994	275
1369853876193	39
1369853876220	213
1369853876251	265
1369853876638	936
1369853876667	951
1369853876707	1298
1369853876740	694
1369853880964	688
1369853881040	157
1369853881100	336
1369853881171	577
1369853881237	2079
1369853881305	955
1369853881374	1095
1369853881440	1070
1369853881517	1563
1369853881582	118
1369853881652	182
1369853881714	321
1369853881792	102
1369853881850	2
1369853881919	179
1369853881994	1378
1369853882056	2476
1369853882125	1961
1369853882190	469
1369853882260	2
1369853882329	22
1369853882406	88
1369853882460	9
1369853887858	845
1369853887922	2353
1369853887999	292
1369853888060	312
1369853888125	161
1369853888202	204
1369853888259	1040
1369853888327	822
1369853888397	1942
1369853888466	225
1369853888534	1636
1369853888600	2231
1369853888670	416
1369853888758	1603
1369853888810	984
1369853888874	458
1369853888943	247
1369853889012	1626
1369853889081	456
1369853889145	9
1369853890273	151
1369853890340	704
1369853890409	323
1369853890477	324
1369853890548	552
1369853890619	148
1369853890681	1257
1369853890758	94
1369853890822	1023
1369853890895	412
1369853890956	553
1369853891024	439
1369853891094	1630
1369853891162	1373
1369853891230	75
1369853891299	318
1369853891366	2
1369853891439	1334
1369853891505	1049
1369853891577	390
1369853891733	376
1369853891790	847
1369853891859	35
1369853891890	444
1369853891944	9
1369853901287	814
1369853901322	42
1369853901515	307
1369853901544	581
1369853901582	524
1369853901724	205
1369853901755	507
1369853901792	84
1369853901945	1274
1369853901974	239
1369853902009	111
1369853902165	89
1369853902202	270
1369853902237	1442
1369853902388	180
1369853902420	1384
1369853902457	79
1369853902604	463
1369853902648	331
1369853902700	649
1369853902744	69
1369853902818	280
1369853902877	1148
1369853902928	669
1369853902969	629
1369853903042	1365
1369853903128	72
1369853903258	99
1369853903292	792
1369853908578	38
1369853908801	169
1369853908831	398
1369853908863	122
1369853908894	475
1369853909030	123
1369853909061	2627
1369853909095	134
1369853909244	807
1369853909274	336
1369853909307	129
1369853909470	981
1369853909503	130
1369853909543	379
1369853909679	1041
1369853909712	1053
1369853909756	93
1369853909790	695
1369853909851	1094
1369853909894	9
1369853915526	590
1369853915561	222
1369853915597	153
1369853915630	900
1369853915662	661
1369853916432	2
1369853916520	292
1369853916551	2738
1369853916589	989
1369853916819	1
1369853916849	417
1369853916879	9
1369853920352	543
1369853920452	57
1369853920482	2487
1369853920538	1928
1369853920611	110
1369853920680	2395
1369853920748	114
1369853920810	1169
1369853920884	461
1369853920949	1113
1369853921032	1245
1369853921085	162
1369853921151	318
1369853921218	640
1369853921293	14
1369853921373	315
1369853921421	133
1369853921494	875
1369853921570	173
1369853921624	9
1369853929146	9
1369853932388	9
1369853935039	9
1369853941836	9
1369853949859	607
1369853950086	666
1369853950116	346
1369853950192	56
1369853950295	103
1369853950326	610
1369853950358	2
1369853950388	1148
1369853950520	1334
1369853950552	2356
1369853950603	182
1369853950637	596
1369853950678	115
1369853950742	515
1369853950812	243
1369853950878	1218
1369853950949	2
1369853951021	147
1369853951082	338
1369853951150	583
1369853951223	137
1369853951287	2
1369853951356	140
1369853951423	599
1369853951492	2350
1369853951557	9
1369853961561	1231
1369853961641	169
1369853961700	155
1369853961767	1023
1369853961837	446
1369853961901	370
1369853961976	380
1369853962043	2
1369853962107	3531
1369853962172	104
1369853962241	2331
1369853962307	263
1369853962377	143
1369853962445	2144
1369853962516	293
1369853963450	467
1369853963532	1876
1369853963564	1623
1369853963597	32
1369853963630	170
1369853963659	363
1369853970034	238
1369853970113	2
1369853970167	2
1369853970239	496
1369853970304	755
1369853970370	109
1369853970438	836
1369853970509	629
1369853970576	244
1369853970643	1529
1369853970716	63
1369853970792	2
1369853970856	1080
1369853970921	240
1369853970991	154
1369853971062	171
1369853971128	49
1369853971189	951
1369853971257	287
1369853971328	90
1369853971396	947
1369853971464	1410
1369853971584	675
1369853971643	331
1369853971719	452
1369853971752	3257
1369853971803	9
1369853980688	9
1369853986452	1233
1369853986521	462
1369853986593	2080
1369853986657	24
1369853986725	539
1369853986806	2142
1369853986862	2745
1369853986933	533
1369853987003	592
1369853987067	98
1369853987135	434
1369853987209	379
1369853987271	467
1369853987339	1172
1369853987407	402
1369853987560	975
1369853987632	222
1369853987683	736
1369853987713	322
1369853987764	191
1369853987985	1543
1369853988016	1258
1369853988050	196
1369853988084	471
1369853988202	9
1369853993868	9
1369853996271	256
1369853996471	284
1369853996504	78
1369853996541	1764
1369853996673	1443
1369853996703	652
1369853996775	161
1369853996810	605
1369853996876	2259
1369853996907	1798
1369853996949	263
1369853997098	1296
1369853997127	825
1369853997172	214
1369853997206	403
1369853997318	64
1369853997349	1059
1369853997391	708
1369853997534	9
1369854004182	9
1369854006927	9
1369854008961	9
1369854017121	2105
1369854017196	2270
1369854017263	385
1369854017333	687
1369854017403	1858
1369854017480	2
1369854017542	1226
1369854017610	44
1369854017670	807
1369854017744	114
1369854017807	326
1369854017879	1283
1369854017963	190
1369854018076	154
1369854018109	53
1369854018150	395
1369854018215	680
1369854018287	1200
1369854018354	1539
1369854018423	191
1369854018485	9
1369854028200	9
1369854031945	268
1369854032023	639
1369854032083	78
1369854032151	331
1369854032215	61
1369854032285	198
1369854032359	873
1369854032423	1874
1369854032497	1295
1369854032555	1362
1369854032627	232
1369854032706	933
1369854032761	472
1369854032834	774
1369854032898	287
1369854032967	397
1369854033034	2121
1369854033102	1925
1369854033171	1060
1369854033238	615
1369854033305	9
1369854042354	240
1369854042435	470
1369854043285	251
1369854043360	615
1369854043390	1205
1369854043426	907
1369854043461	401
1369854044176	445
1369854044263	248
1369854044296	1250
1369854044367	1147
1369854044571	1025
1369854044603	703
1369854044643	166
1369854044683	9
1369854051860	962
1369854051890	66
1369854051929	105
1369854052081	153
1369854052111	556
1369854052144	1116
1369854052301	1302
1369854052377	78
1369854052414	455
1369854052522	421
1369854052593	607
1369854052641	965
1369854052681	955
1369854052763	458
1369854052803	223
1369854052844	1603
1369854052963	187
1369854052991	9
1369854060142	9
1369854061419	886
1369854061496	1311
1369854061533	1612
1369854061635	600
1369854061666	450
1369854061740	945
1369854061849	1529
1369854061881	1146
1369854061913	447
1369854061945	62
1369854062071	91
1369854062100	575
1369854062130	255
1369854062290	168
1369854062315	822
1369854062346	699
1369854062376	651
1369854062431	409
1369854062492	2
1369854062562	425
1369854062633	457
1369854062699	789
1369854062764	9
1369854064328	9
1369854068042	23
1369854068116	1623
1369854068149	70
1369854068268	216
1369854068301	521
1369854068332	1660
1369854068483	789
1369854068513	690
1369854068540	10
1369854068701	19
1369854068729	137
1369854068760	653
1369854068791	624
1369854068927	2
1369854068957	331
1369854069033	141
1369854069148	2
1369854069178	221
1369854069209	334
1369854069367	129
1369854069396	301
1369854069428	1
1369854069488	739
1369854069518	1623
1369854069551	32
1369854069611	1093
1369854069677	118
1369854069747	410
1369854069813	413
1369854069882	1531
1369854069956	2480
1369854070018	9
1369854076494	9
1369854085628	9
1369854092459	9
1369854097501	222
1369854097573	1727
1369854097637	415
1369854097701	1194
1369854097774	555
1369854097845	725
1369854097906	1204
1369854097977	435
1369854098042	118
1369854098114	155
1369854098184	328
1369854098252	447
1369854098315	1578
1369854098383	264
1369854098452	2411
1369854098521	358
1369854098589	713
1369854098659	1719
1369854098730	33
1369854098796	543
1369854098867	436
1369854098930	653
1369854098998	102
1369854099066	157
1369854099138	5
1369854099210	141
1369854099314	162
1369854099346	85
1369854099447	1285
1369854099480	485
1369854099550	949
1369854099745	9
1369854107148	115
1369854107222	3115
1369854107256	323
1369854107284	711
1369854108041	169
1369854108119	377
1369854108150	1374
1369854108217	2
1369854108252	862
1369854108429	446
1369854108456	720
1369854108488	627
1369854108518	9
1369854114017	2
1369854114084	84
1369854114153	984
1369854114222	1064
1369854114290	750
1369854114360	292
1369854114430	377
1369854114497	859
1369854114562	143
1369854114638	141
1369854114705	1494
1369854114773	261
1369854114836	1688
1369854114909	395
1369854114992	715
1369854115112	653
1369854115178	1808
1369854115276	682
1369854115328	1819
1369854115410	1909
1369854115495	1131
1369854115527	781
1369854115723	1227
1369854115752	863
1369854115784	341
1369854115929	9
1369854122010	602
1369854122092	423
1369854122139	996
1369854122215	319
1369854123125	271
1369854123256	32
1369854124429	804
1369854124512	1014
1369854124641	2
1369854124678	255
1369854124759	1810
1369854124789	478
1369854124827	182
1369854124865	670
1369854124898	54
1369854124932	152
1369854124968	1183
1369854125001	9
1369854129696	9
1369854136821	9
1369854144865	9
1369854145875	9
1369854154091	1081
1369854154167	538
1369854154218	195
1369854155070	482
1369854155106	259
1369854155140	277
1369854155170	270
1369854155203	74
1369854155964	498
1369854155999	158
1369854156030	270
1369854156060	1269
1369854156093	317
1369854156348	37
1369854156377	206
1369854156407	2254
1369854156438	49
1369854162357	92
1369854162432	198
1369854162492	279
1369854162561	1888
1369854162633	413
1369854162697	873
1369854162769	722
1369854162838	279
1369854162908	501
1369854162972	246
1369854163046	2491
1369854163108	625
1369854163207	845
1369854163244	61
1369854163338	1518
1369854163383	448
1369854163450	18
1369854163647	47
1369854163676	86
1369854163705	20
1369854163867	1141
1369854163896	479
1369854163933	1557
1369854164090	268
1369854164121	43
1369854164190	1094
1369854164304	542
1369854164331	9
1369854168328	9
1369854175874	9
1369854185816	9
1369854193782	381
1369854193861	505
1369854193920	675
1369854193988	706
1369854194055	488
1369854194128	665
1369854194189	2
1369854194262	678
1369854194340	240
1369854194398	2515
1369854194485	816
1369854194534	553
1369854194602	359
1369854194671	438
1369854194735	1174
1369854194805	245
1369854194875	59
1369854194943	558
1369854195010	955
1369854195154	77
1369854195184	439
1369854195283	630
1369854195311	1351
1369854195362	9
1369854199700	481
1369854199774	465
1369854199836	331
1369854199903	338
1369854199972	1329
1369854200044	87
1369854200105	862
1369854200179	97
1369854200242	791
1369854200311	745
1369854200381	259
1369854200448	35
1369854200516	252
1369854200597	513
1369854200673	466
1369854200720	191
1369854200792	2623
1369854200856	1521
1369854200926	965
1369854201000	158
1369854201059	1120
1369854201132	6
1369854201196	967
1369854201267	353
1369854201337	1149
1369854201404	594
1369854201472	128
1369854201537	9
1369854202973	1387
1369854203004	1679
1369854203041	440
1369854203075	707
1369854203863	45
1369854203941	498
1369854203970	776
1369854204000	714
1369854204256	247
1369854204285	496
1369854204316	717
1369854204346	118
1369854204469	586
1369854204498	350
1369854204529	237
1369854204563	9
1369854210374	635
1369854210454	2436
1369854210511	745
1369854210580	251
1369854210649	919
1369854210717	1934
1369854210786	99
1369854210878	635
1369854210920	277
1369854210995	258
1369854211101	1394
1369854211135	413
1369854211236	109
1369854211267	1371
1369854211327	360
1369854211541	854
1369854211570	151
1369854211604	438
1369854211764	818
1369854211793	379
1369854211832	1782
1369854211992	59
1369854212021	1270
1369854212055	9
1369854218940	9
1369854223337	9
1369854232885	440
1369854232965	1031
1369854233027	54
1369854233089	163
1369854233157	71
1369854233227	482
1369854233296	1921
1369854233364	254
1369854233431	323
1369854233504	813
1369854233583	1770
1369854233638	1564
1369854233710	44
1369854233773	89
1369854233841	341
1369854233910	407
1369854233987	93
1369854234046	2468
1369854234914	452
1369854234996	550
1369854235026	3288
1369854235800	2160
1369854235828	277
1369854235863	527
1369854235893	486
1369854236187	16
1369854236407	1235
1369854236439	3044
1369854236472	370
1369854236627	2
1369854236657	11
1369854236696	102
1369854236727	525
1369854236846	1104
1369854236876	575
1369854236915	660
1369854237065	1038
1369854237096	530
1369854237132	37
1369854237286	2930
1369854237317	235
1369854237385	1
1369854237507	752
1369854237538	489
1369854237568	807
1369854237603	615
1369854237744	816
1369854237773	1773
1369854237806	784
1369854237946	1246
1369854237976	1036
1369854238008	2560
1369854238040	68
1369854238096	1962
1369854238159	504
1369854238227	363
1369854238302	492
1369854238363	1605
1369854238428	9
1369854246404	9
1369854250868	9
1369854259441	9
1369854261958	9
1369854271374	9
1369854274714	506
1369854274793	490
1369854274854	1291
1369854274985	519
1369854275016	743
1369854275110	561
1369854275138	495
1369854275194	1602
1369854275414	277
1369854275442	610
1369854275476	2
1369854275631	2
1369854275658	19
1369854275689	1241
1369854275723	3482
1369854275854	741
1369854275886	2489
1369854275921	325
1369854276076	612
1369854276105	363
1369854276134	366
1369854276295	436
1369854276325	271
1369854276355	9
1369854281819	9
1369854283698	9
1369854292705	113
1369854292733	861
1369854292921	1026
1369854292993	1026
1369854293039	1001
1369854293119	914
1369854293148	510
1369854293183	514
1369854293218	103
1369854293291	2
1369854293340	545
1369854293400	1678
1369854293472	1026
1369854293541	634
1369854293606	590
1369854293675	178
1369854293742	2
1369854293818	1135
1369854293882	936
1369854293948	1103
1369854294032	1421
1369854294087	1
1369854294154	139
1369854294222	1014
1369854294289	1480
1369854294359	203
1369854294450	569
1369854294501	4255
1369854294562	9
1369854303950	284
1369854304013	2568
1369854304081	902
1369854304157	2202
1369854304216	359
1369854304285	281
1369854304355	2435
1369854304427	47
1369854304490	1353
1369854304564	899
1369854304628	492
1369854304701	2336
1369854304765	50
1369854304840	187
1369854304902	570
1369854304967	528
1369854305036	526
1369854305104	324
1369854305172	1621
1369854305241	933
1369854305308	798
1369854305374	9
1369854312012	722
1369854312081	71
1369854312151	82
1369854312217	2
1369854312294	680
1369854312359	734
1369854312421	165
1369854312493	654
1369854312559	26
1369854312628	1265
1369854312704	621
1369854312765	1131
1369854312838	490
1369854312899	822
1369854312970	668
1369854313036	1038
1369854313104	808
1369854313175	206
1369854313244	81
1369854313312	568
1369854313382	191
1369854313453	800
1369854313516	556
1369854313584	750
1369854313650	9
1369854321340	9
1369854328319	9
1369854330885	964
1369854330974	635
1369854331015	905
1369854331045	272
1369854331770	22
1369854331814	1527
1369854331844	352
1369854331877	495
1369854332159	199
1369854332190	258
1369854332218	171
1369854332247	169
1369854332282	1064
1369854332381	165
1369854332411	586
1369854332487	9
1369854338457	9
1369854340549	9
1369854343967	9
1369854348137	9
1369854349665	9
1369854354374	1125
1369854354443	988
1369854354509	1731
1369854354576	1228
1369854354647	2942
1369854354717	1110
1369854354781	36
1369854354852	196
1369854354985	369
1369854355020	81
1369854355114	479
1369854355143	713
1369854355201	182
1369854355425	433
1369854355455	1557
1369854355486	887
1369854355640	46
1369854355671	51
1369854355736	9
1369854356738	312
1369854356770	456
1369854356800	1723
1369854356959	379
1369854356987	3071
1369854357018	530
1369854357053	3456
1369854357087	1036
1369854357152	743
1369854357225	363
1369854357286	419
1369854357357	795
1369854357424	2689
1369854357491	292
1369854357558	428
1369854357633	22
1369854357699	740
1369854357764	16
1369854357832	1079
1369854357900	612
1369854357969	2216
1369854358042	2318
1369854358113	1922
1369854358173	351
1369854358246	376
1369854358318	105
1369854358380	56
1369854358447	271
1369854358525	80
1369854358581	9
1369854364309	9
1369854423342	1195
1369854423628	596
1369854423708	220
1369854423753	125
1369854423795	289
1369854423836	1565
1369854423883	2
1369854423920	2
1369854423957	355
1369854424011	58
1369854424078	2169
1369854424140	1164
1369854424208	1977
1369854424277	1616
1369854424346	587
1369854424411	909
1369854424481	363
1369854424549	1565
1369854424621	529
1369854424696	169
1369854424757	224
1369854424841	9
1369854430993	9
1369854437328	9
1369854445575	1019
1369854445735	217
1369854445797	120
1369854445831	1561
1369854445867	62
1369854445904	241
1369854445940	790
1369854445977	103
1369854446037	18
1369854446110	2086
1369854446171	39
1369854446241	2599
1369854446312	920
1369854446373	1189
1369854446445	309
1369854446507	2
1369854446575	468
1369854446650	52
1369854446718	429
1369854446789	70
1369854446858	859
1369854446931	419
1369854446993	1131
1369854447055	2
1369854447121	9
1369854454655	694
1369854454739	287
1369854454787	471
1369854454860	272
1369854454931	1439
1369854454991	163
1369854455059	418
1369854455127	1127
1369854455197	25
1369854455264	445
1369854455335	14
1369854455400	945
1369854455470	486
1369854455538	40
1369854455616	723
1369854455675	71
1369854455741	223
1369854455820	96
1369854455878	47
1369854455942	624
1369854456013	372
1369854456078	611
1369854456145	242
1369854456212	1842
1369854456290	424
1369854456353	1701
1369854456428	218
1369854456484	9
1369854465098	1023
1369854465165	507
1369854465234	413
1369854465307	422
1369854465377	135
1369854465449	795
1369854465510	14
1369854465578	358
1369854465652	906
1369854465711	185
1369854465790	342
1369854465850	1026
1369854465918	196
1369854465986	421
1369854466054	72
1369854466121	684
1369854466191	277
1369854466268	80
1369854466330	725
1369854466394	140
1369854466468	2
1369854466532	1527
1369854466598	447
1369854466668	146
1369854466734	1459
1369854466858	403
1369854466890	9
1369854475972	9
1369854483926	515
1369854484036	1278
1369854484073	671
1369854484106	1035
1369854484183	279
1369854484226	902
1369854484275	739
1369854484387	680
1369854484425	693
1369854484476	204
1369854484606	275
1369854484641	387
1369854484673	1526
1369854484812	326
1369854484846	1873
1369854484883	597
1369854484920	1359
1369854484956	202
1369854484990	336
1369854485059	718
1369854485105	1551
1369854485171	1193
1369854485241	113
1369854485314	47
1369854485383	458
1369854485446	2
1369854485518	2
1369854485579	9
1369854488830	9
1369854492600	9
1369854494235	9
1369854497625	1004
1369854497764	503
1369854497796	261
1369854497827	272
1369854497897	71
1369854497964	916
1369854498036	459
1369854498101	614
1369854498170	885
1369854498237	973
1369854498305	703
1369854498375	2214
1369854498442	804
1369854498513	1923
1369854498580	744
1369854498648	69
1369854498807	542
1369854498840	794
1369854498936	397
1369854498978	9
1369854504818	9
1369854509246	516
1369854509331	71
1369854509507	346
1369854509578	517
1369854509617	2
1369854509649	2
1369854509728	262
1369854509764	1021
1369854509796	1246
1369854509871	288
1369854509906	20
1369854509940	828
1369854510078	46
1369854510141	264
1369854510210	289
1369854510278	113
1369854510345	2032
1369854510413	2579
1369854510486	447
1369854510577	2319
1369854510619	127
1369854510689	1086
1369854510755	172
1369854510823	255
1369854510895	67
1369854510958	9
1369854512381	9
1369854519545	9
1369854524817	203
1369854524850	1006
1369854525035	289
1369854525111	1262
1369854525149	2040
1369854525261	1262
1369854525294	1201
1369854525328	55
1369854525475	2961
1369854525508	415
1369854525543	563
1369854525579	1340
1369854525693	135
1369854525724	474
1369854525758	918
1369854525795	6
1369854525842	337
1369854525910	1348
1369854525980	576
1369854526046	431
1369854526114	1313
1369854526183	729
1369854526252	804
1369854526320	177
1369854526386	1183
1369854526453	1461
1369854526530	1975
1369854526590	597
1369854526656	9
1369854529458	9
1369854533666	359
1369854533740	327
1369854533801	1055
1369854533865	932
1369854533933	531
1369854534002	259
1369854534069	2
1369854534138	175
1369854534206	582
1369854534275	1426
1369854534350	12
1369854534412	209
1369854534481	362
1369854534549	697
1369854534618	367
1369854534685	365
1369854534752	796
1369854534821	444
1369854534887	1710
1369854534958	1316
1369854535037	250
1369854535095	250
1369854535163	1253
1369854535240	9
1369854540608	386
1369854540819	362
1369854540850	521
1369854541016	184
1369854541074	184
1369854541118	715
1369854541170	102
1369854541235	528
1369854541305	454
1369854541338	9
1369854541462	792
1369854541498	1314
1369854541531	378
1369854541563	1787
1369854541677	7
1369854541710	466
1369854541739	670
1369854541772	183
1369854541819	143
1369854541888	905
1369854541957	524
1369854542024	1232
1369854542091	396
1369854542162	78
1369854542228	2
1369854542296	1471
1369854542370	102
1369854542432	278
1369854542509	88
1369854542564	9
1369854548534	793
1369854548775	997
1369854548808	150
1369854548840	2011
1369854548877	228
1369854548911	417
1369854548941	82
1369854548978	35
1369854549041	824
1369854549124	154
1369854549191	1204
1369854549251	2
1369854549312	13
1369854549387	1189
1369854549515	689
1369854549648	876
1369854549718	170
1369854549794	761
1369854549849	9
1369854555903	9
1369854563857	9
1369854568962	9
1369854572978	81
1369854573011	220
1369854573043	577
1369854573198	688
1369854573229	1907
1369854573259	68
1369854573423	1657
1369854573455	622
1369854573488	152
1369854573642	1618
1369854573676	503
1369854573712	66
1369854573748	2
1369854573780	75
1369854573813	2357
1369854573868	229
1369854573940	264
1369854574003	1116
1369854574075	191
1369854574144	228
1369854574210	145
1369854574279	1978
1369854574345	800
1369854574423	714
1369854574482	219
1369854574549	2027
1369854574618	1661
1369854574686	684
1369854574750	2
1369854574820	2
1369854574889	127
1369854574957	368
1369854575030	692
1369854575089	9
1369854578344	284
1369854578425	728
1369854578477	911
1369854578546	324
1369854578613	1143
1369854578748	442
1369854578782	887
1369854578864	17
1369854578900	224
1369854578960	83
1369854579175	494
1369854579210	767
1369854579251	193
1369854579394	74
1369854579425	2578
1369854579500	2100
1369854579615	288
1369854579649	499
1369854579685	970
1369854579718	1730
1369854579844	342
1369854579875	2
1369854579907	289
1369854580058	362
1369854580089	335
1369854580122	9
1369854588286	9
1369854597888	9
1369854601117	9
1369854610903	107
1369854611103	191
1369854611135	139
1369854611167	1465
1369854611325	169
1369854611357	110
1369854611389	862
1369854611563	974
1369854611596	108
1369854611628	194
1369854611661	1338
1369854611794	15
1369854611826	1029
1369854611864	1254
1369854611980	71
1369854612044	410
1369854612082	67
1369854612208	24
1369854612273	625
1369854612307	1091
1369854612427	443
1369854612460	671
1369854612493	279
1369854612664	144
1369854612693	1222
1369854612728	971
1369854612760	2309
1369854612804	100
1369854612840	110
1369854612912	340
1369854612981	9
1369854621542	747
1369854621622	304
1369854621661	217
1369854621690	1228
1369854621725	51
1369854621761	12
1369854621794	805
1369854621841	348
1369854621911	353
1369854621979	353
1369854622045	1879
1369854622119	205
1369854622187	89
1369854622255	91
1369854622319	1716
1369854622390	568
1369854622465	298
1369854622526	1690
1369854622623	2
1369854622664	195
1369854622731	392
1369854622801	378
1369854622890	1029
1369854622932	625
1369854623003	533
1369854623075	587
1369854623138	9
1369854698528	136
1369854698753	2121
1369854698852	131
1369854698895	1394
1369854698932	146
1369854699387	1619
1369854699551	3746
1369854699587	350
1369854699622	279
1369854699774	463
1369854699809	700
1369854699842	513
1369854699907	276
1369854699937	164
1369854706259	9
1369854760669	509
1369854760872	146
1369854760888	306
1369854760904	1273
1369854760937	20
1369854761000	1115
1369854761072	594
1369854761142	565
1369854761213	396
1369854761278	416
1369854761345	817
1369854761428	199
1369854761481	443
1369854762361	2129
1369854762378	2131
1369854762441	1168
1369854762521	1062
1369854762543	697
1369854767779	9
1369854771827	578
1369854772044	194
1369854772074	716
1369854772104	248
1369854772275	110
1369854772305	211
1369854772329	490
1369854772350	119
1369854772491	36
1369854772520	812
1369854772543	300
1369854772574	608
1369854772650	696
1369854772714	80
1369854772783	755
1369854772855	966
1369854772921	78
1369854772986	1956
1369854773069	567
1369854773122	156
1369854773188	1458
1369854773257	303
1369854773323	9
1369854781554	2499
1369854781615	652
1369854781690	42
1369854781754	2
1369854781823	1470
1369854781898	257
1369854781957	4
1369854782025	64
1369854782098	117
1369854782164	936
1369854782231	303
1369854782300	604
1369854782387	2221
1369854782434	209
1369854782520	12
1369854782581	36
1369854782642	297
1369854782714	403
1369854782789	9
1369854789247	9
1369854796947	857
1369854796974	516
1369854796997	290
1369854797015	598
1369854797032	137
1369854797174	50
1369854797202	807
1369854797221	415
1369854797240	86
1369854797388	178
1369854797417	115
1369854797434	136
1369854797476	290
1369854797548	1126
1369854797616	68
1369854797681	2699
1369854797748	2120
1369854797815	2934
1369854797881	213
1369854797950	28
1369854798017	564
1369854798085	761
1369854798151	1040
1369854798219	564
1369854798288	1725
1369854798355	1762
1369854798424	24
1369854798495	618
1369854798560	9
1369854801735	9
1369854804459	9
1369854806641	479
1369854806728	3546
1369854806774	327
1369854806847	1569
1369854806909	158
1369854806981	446
1369854807046	157
1369854807115	155
1369854807183	1116
1369854807251	728
1369854807322	1080
1369854807388	151
1369854807455	2226
1369854807526	1125
1369854807593	1538
1369854807662	1671
1369854807728	401
1369854807799	492
1369854807866	572
1369854807932	941
1369854808070	498
1369854808138	1197
1369854808222	147
1369854808279	315
1369854808348	396
1369854808409	9
1369854812472	9
1369854818332	763
1369854818467	199
1369854818495	564
1369854818584	518
1369854818612	810
1369854818671	201
1369854818888	2111
1369854818919	615
1369854818947	749
1369854819110	125
1369854819138	117
1369854819160	52
1369854819189	748
1369854819331	445
1369854819357	665
1369854819382	413
1369854819550	335
1369854819572	1883
1369854819595	853
1369854819769	589
1369854819798	74
1369854819816	817
1369854819988	121
1369854820015	123
1369854820041	384
1369854820212	1929
1369854820241	9
1369854820269	258
1369854828013	38
1369854828043	66
1369854828065	493
1369854828237	636
1369854828271	1595
1369854828303	743
1369854828465	241
1369854828494	700
1369854828522	141
1369854828689	354
1369854828722	44
1369854828746	1701
1369854828905	2043
1369854828954	2
1369854828980	115
1369854828997	747
1369854829141	1979
1369854829169	780
1369854829191	1260
1369854829343	193
1369854829372	739
1369854829400	241
1369854829419	1353
1369854829474	175
1369854829548	557
1369854829614	3323
1369854829678	9
1369854838102	431
1369854838165	6
1369854838235	2251
1369854838302	213
1369854838367	1454
1369854838438	936
1369854838501	617
1369854838575	379
1369854838637	475
1369854838712	1851
1369854838776	1535
1369854838846	2166
1369854838909	1729
1369854838979	527
1369854839053	704
1369854839126	174
1369854839203	417
1369854839253	748
1369854839335	253
1369854839404	1652
1369854839467	1540
1369854839526	10
1369854839593	660
1369854839663	17
1369854839721	9
1369854840978	765
1369854841043	984
1369854841112	238
1369854841182	1294
1369854841247	831
1369854841315	20
1369854841386	979
1369854842275	342
1369854842359	454
1369854842387	1446
1369854842415	403
1369854842436	379
1369854843168	175
1369854843198	961
1369854843217	244
1369854843235	2
1369854843549	857
1369854843607	9
1369854851723	9
1369854858228	9
1369854861332	9
1369854863201	36
1369854863374	85
1369854863403	494
1369854863426	27
1369854863547	703
1369854863616	324
1369854863686	179
1369854863749	1166
1369854863814	571
1369854863885	393
1369854863952	1218
1369854864018	405
1369854864132	728
1369854864161	224
1369854864225	787
1369854864297	225
1369854864358	560
1369854864421	1318
1369854864491	361
1369854864558	1114
1369854864629	137
1369854864695	9
1369854874214	9
1369854875706	9
1369854882773	9
1369854887726	400
1369854887814	287
1369854887861	136
1369854887929	1009
1369854887995	90
1369854888060	952
1369854888128	1943
1369854888200	2512
1369854888270	1595
1369854888336	1
1369854888410	576
1369854888469	900
1369854888544	734
1369854888607	32
1369854888678	429
1369854888752	3591
1369854888814	1330
1369854888880	711
1369854888947	175
1369854889015	615
1369854889084	2110
1369854889150	670
1369854889220	962
1369854889288	925
1369854890185	187
1369854890266	261
1369854890297	9
1369854892777	344
1369854892997	2
1369854893067	113
1369854893155	24
1369854893216	1885
1369854893247	176
1369854893276	1510
1369854893295	856
1369854893316	129
1369854893388	1027
1369854893453	276
1369854893522	1967
1369854893609	40
1369854893659	1303
1369854893726	971
1369854893797	2427
1369854893867	128
1369854893931	494
1369854894000	1429
1369854894072	1386
1369854894140	496
1369854894205	284
1369854894276	701
1369854894357	182
1369854894423	591
1369854894477	776
1369854894541	9
1369854902324	332
1369854902404	1097
1369854902451	81
1369854902520	677
1369854902591	14
1369854902661	59
1369854902723	62
1369854902791	93
1369854902859	655
1369854902930	208
1369854902996	1366
1369854903065	559
1369854903138	792
1369854903203	219
1369854903271	2
1369854903338	310
1369854903405	85
1369854903478	164
1369854903548	2620
1369854903613	2
1369854903682	18
1369854903744	1312
1369854903814	644
1369854903883	514
1369854903950	315
1369854904017	994
1369854904085	921
1369854904153	106
1369854904223	1380
1369854904290	1574
1369854904366	1489
1369854904430	827
1369854904494	9
1369854910272	88
1369854910333	511
1369854910401	1327
1369854910471	140
1369854910535	1088
1369854910603	43
1369854910676	180
1369854910741	497
1369854910811	2917
1369854910875	618
1369854910947	787
1369854911012	316
1369854911082	137
1369854911162	837
1369854911219	324
1369854911290	304
1369854911356	234
1369854911425	1500
1369854911492	781
1369854911565	340
1369854911629	774
1369854911698	2308
1369854911773	691
1369854911831	9
1369854915625	330
1369854915647	1044
1369854915845	72
1369854915871	1861
1369854915898	553
1369854916065	1381
1369854916143	111
1369854916176	1488
1369854916285	695
1369854916317	1100
1369854916345	231
1369854916365	61
1369854916389	1526
1369854916459	893
1369854916537	190
1369854916592	1095
1369854916662	725
1369854916729	102
1369854916799	407
1369854916864	113
1369854916938	306
1369854917005	74
1369854917072	679
1369854917141	412
1369854917210	2829
1369854917275	412
1369854917341	9
1369854924512	9
1369854934281	155
1369854934362	70
1369854934410	95
1369854934482	1423
1369854934547	472
1369854934611	680
1369854934686	819
1369854934748	453
1369854934818	140
1369854934883	44
1369854934956	940
1369854935027	453
1369854935090	1328
1369854935167	779
1369854935229	2254
1369854935293	292
1369854935362	6
1369854935428	260
1369854935505	1201
1369854935566	74
1369854935633	923
1369854935701	58
1369854935767	13
1369854935838	215
1369854935903	9
1369854944320	884
1369854944402	1723
1369854944452	2
1369854944513	97
1369854944581	2098
1369854944648	259
1369854944720	528
1369854944785	2
1369854944853	1302
1369854944921	516
1369854944994	638
1369854945058	797
1369854945124	657
1369854945196	195
1369854945261	1
1369854945329	1652
1369854945401	50
1369854945465	926
1369854945533	401
1369854945602	489
1369854945673	111
1369854945734	769
1369854945805	50
1369854945870	9
1369854952573	229
1369854952655	2
1369854952713	463
1369854952778	2
1369854952846	1
1369854952921	1289
1369854952988	1739
1369854953052	393
1369854953120	783
1369854953193	1023
1369854954070	6
1369854954156	136
1369854954184	126
1369854954211	72
1369854954234	913
1369854960940	1047
1369854961001	780
1369854961077	110
1369854961139	1004
1369854961207	111
1369854961276	2121
1369854961342	490
1369854961411	1943
1369854961480	1088
1369854961553	150
1369854961618	304
1369854961685	51
1369854961753	1100
1369854961838	591
1369854961885	59
1369854961963	452
1369854962024	72
1369854962089	1324
1369854962202	9
1369854970927	9
1369854979046	9
1369854982819	1216
1369854982884	578
1369854982960	226
1369854983022	2
1369854983090	1764
1369854983171	596
1369854983233	2552
1369854983298	581
1369854983362	395
1369854983434	76
1369854983499	2
1369854983569	835
1369854983639	782
1369854983703	1241
1369854983771	31
1369854983840	2
1369854983909	7
1369854983977	714
1369854984045	152
1369854984113	162
1369854984184	862
1369854984257	265
1369854984320	604
1369854984399	755
1369854984463	221
1369854984529	297
1369854984595	468
1369854984661	162
1369854984733	1047
1369854984793	1203
1369854984862	370
1369854984930	2
1369854984996	15
1369854985066	958
1369854985134	544
1369854985997	9
1369854992139	9
1369854994323	9
1369855001982	9
1369855004628	1071
1369855004813	389
1369855004840	112
1369855005164	1512
1369855005191	915
1369855005214	254
1369855005240	752
1369855005314	696
1369855005378	539
1369855005444	2
1369855005512	275
1369855005580	842
1369855005648	1582
1369855005716	359
1369855005780	9
1369855011900	9
1369855014879	584
1369855014954	569
1369855014995	529
1369855015063	383
1369855015132	2944
1369855015201	25
1369855015270	214
1369855015336	109
1369855015405	84
1369855015474	633
1369855015549	578
1369855015612	1696
1369855015676	335
1369855015748	1447
1369855015813	607
1369855015957	311
1369855015984	51
1369855016017	207
1369855016084	1232
1369855016153	282
1369855016219	429
1369855016291	1752
1369855016357	683
1369855016427	180
1369855016495	69
1369855016560	204
1369855016631	48
1369855016721	195
1369855016763	9
1369855022962	130
1369855023030	266
1369855023094	34
1369855023162	87
1369855023229	1278
1369855023296	1399
1369855023367	41
1369855023440	1504
1369855023504	491
1369855023570	1165
1369855023641	889
1369855023707	961
1369855023775	798
1369855023843	533
1369855023910	159
1369855023979	489
1369855024051	1296
1369855024114	940
1369855024183	3479
1369855024250	1256
1369855024318	238
1369855024388	777
1369855024453	1180
1369855024527	360
1369855024609	484
1369855024663	425
1369855024730	317
1369855024796	9
1369855027656	9
1369855035681	774
1369855035758	756
1369855035899	198
1369855035927	1
1369855035952	178
1369855036128	329
1369855036158	124
1369855036189	2
1369855036339	1374
1369855036370	323
1369855036399	519
1369855036426	2471
1369855036555	1583
1369855036590	3049
1369855036618	1797
1369855036781	401
1369855036812	2749
1369855036837	875
1369855036998	1788
1369855037029	2954
1369855037055	66
1369855037079	1804
1369855037123	2132
1369855037189	135
1369855037257	2
1369855037329	707
1369855037394	18
1369855037460	9
1369855046926	9
1369855053454	721
1369855053537	270
1369855053602	595
1369855053657	124
1369855053728	287
1369855053795	1817
1369855053861	230
1369855053930	151
1369855053995	277
1369855054064	278
1369855054134	1
1369855054203	4647
1369855054275	83
1369855054341	168
1369855054409	601
1369855054474	212
1369855054541	261
1369855054621	920
1369855054680	221
1369855054744	498
1369855054815	897
1369855054883	263
1369855054948	425
1369855055024	3379
1369855055086	1785
1369855055156	32
1369855055223	3194
1369855055294	407
1369855055360	313
1369855055425	9
1369855062727	1701
1369855062791	283
1369855062867	1347
1369855062927	653
1369855062993	1101
1369855063064	2283
1369855063130	2
1369855063197	492
1369855063271	479
1369855063340	152
1369855063402	522
1369855063473	1011
1369855063543	310
1369855063610	763
1369855063676	171
1369855063745	1
1369855063815	119
1369855063881	329
1369855063949	1495
1369855064017	1298
1369855064084	1158
1369855064152	1425
1369855064221	962
1369855064290	307
1369855064356	802
1369855064426	133
1369855064493	373
1369855064562	967
1369855064630	2389
1369855064703	204
1369855064765	236
1369855064834	402
1369855064904	755
1369855064971	645
1369855065040	1130
1369855065908	412
1369855066005	2641
1369855066034	392
1369855066063	2116
1369855071755	1582
1369855071943	754
1369855071981	133
1369855072010	2223
1369855072028	2092
1369855072099	452
1369855072169	382
1369855072237	485
1369855072306	1513
1369855072370	368
1369855072442	569
1369855072513	174
1369855072581	595
1369855072646	584
1369855072728	711
1369855072782	129
1369855072855	1159
1369855072919	247
1369855072988	3545
1369855073053	146
1369855073123	328
1369855073188	2
1369855073263	884
1369855073330	22
1369855073394	735
1369855073467	42
1369855073531	702
1369855073602	494
1369855073672	533
1369855073734	9
1369855075806	9
1369855077126	9
1369855083818	195
1369855083893	558
1369855084047	785
1369855084078	21
1369855084102	385
1369855084490	1304
1369855084521	688
1369855084550	434
1369855084571	355
1369855084710	1420
1369855084738	362
1369855084761	357
1369855084925	779
1369855084954	227
1369855084981	265
1369855085004	93
1369855085056	464
1369855085121	2
1369855085194	912
1369855085259	1619
1369855085322	9
1369855092241	676
1369855092327	665
1369855092379	292
1369855092444	728
1369855092520	1612
1369855092582	86
1369855092649	607
1369855092724	2
1369855092793	25
1369855092855	2
1369855092921	728
1369855092993	605
1369855093059	1498
1369855093126	358
1369855093198	443
1369855093267	254
1369855093346	9
1369855098747	266
1369855098776	73
1369855098803	76
1369855098821	1349
1369855098842	1548
1369855099136	1236
1369855099163	2601
1369855099237	566
1369855099265	33
1369855099293	120
1369855099358	853
1369855099385	1601
1369855099412	273
1369855099586	406
1369855099616	1694
1369855099647	117
1369855099792	224
1369855099818	366
1369855099883	1045
1369855100015	538
1369855100045	256
1369855100073	9
1369855109624	2197
1369855109769	700
1369855109792	135
1369855109835	1171
1369855109898	199
1369855109969	409
1369855110036	331
1369855110100	1170
1369855110168	504
1369855110239	59
1369855110306	772
1369855110384	1403
1369855110446	72
1369855110514	907
1369855110581	176
1369855110645	176
1369855110719	79
1369855110789	963
1369855110853	1925
1369855110918	1784
1369855110986	604
1369855111054	895
1369855111122	1257
1369855111192	260
1369855111264	176
1369855111326	9
1369855112440	1138
1369855112589	793
1369855112611	1142
1369855112648	314
1369855112723	19
1369855112793	127
1369855112852	222
1369855113823	82
1369855113903	981
1369855113928	62
1369855113950	46
1369855114771	144
1369855114788	13
1369855114805	339
1369855114822	1764
1369855115096	1282
1369855115127	2177
1369855115155	366
1369855115176	233
1369855126500	1333
1369855126727	668
1369855126744	551
1369855126758	795
1369855126842	1100
1369855126877	476
1369855126908	908
1369855126984	297
1369855127046	724
1369855127112	2
1369855127181	282
1369855127248	390
1369855127321	900
1369855127388	131
1369855127458	3025
1369855127521	639
1369855127590	323
1369855127661	660
1369855127725	259
1369855127795	1310
1369855127864	33
1369855127937	1446
1369855128000	2281
1369855128069	319
1369855128137	13
1369855128201	9
1369855137001	890
1369855137067	123
1369855137134	15
1369855137202	449
1369855137271	72
1369855137341	1822
1369855137409	1433
1369855137478	1730
1369855137546	403
1369855137614	1362
1369855137689	70
1369855137756	23
1369855137818	368
1369855137928	1768
1369855137957	880
1369855138060	2
1369855138094	486
1369855138161	299
1369855138364	1748
1369855138394	219
1369855138421	9
1369855142494	9
1369855150118	9
1369855338946	596
1369855339144	598
1369855339161	765
1369855339354	559
1369855339390	105
1369855339413	2
1369855339433	695
1369855339571	70
1369855339601	47
1369855339623	380
1369855339791	350
1369855339819	1882
1369855339841	469
1369855340015	382
1369855340048	1491
1369855340071	412
1369855340232	326
1369855340258	449
1369855340284	1682
1369855340306	9
1369855348232	9
1369855358062	587
1369855358141	286
1369855358195	994
1369855358262	2
1369855358329	19
1369855358398	1312
1369855358465	2218
1369855358530	1273
1369855358600	2
1369855358672	10
1369855358734	763
1369855358802	1294
1369855358870	631
1369855358938	1288
1369855359006	73
1369855474051	1551
1369855474300	420
1369855474334	87
1369855474364	1216
1369855474492	1761
1369855474523	179
1369855474550	1238
1369855474701	84
1369855474730	219
1369855474758	26
1369855474915	954
1369855474944	703
1369855474972	697
1369855474998	312
1369855475146	7
1369855475177	719
1369855475196	1606
1369855475363	382
1369855475394	1506
1369855475422	125
1369855475444	163
1369855475496	836
1369855475564	1507
1369855475634	9
1369855480258	9
1369855487893	2798
1369855487977	2102
1369855488025	1193
1369855488102	456
1369855488171	163
1369855488232	637
1369855488314	7
1369855488397	507
1369855488435	100
1369855488506	333
1369855488575	103
1369855488644	259
1369855488709	1118
1369855488798	1588
1369855488848	11
1369855488915	511
1369855489005	7
1369855489052	663
1369855489120	30
1369855489184	190
1369855489254	18
1369855489351	116
1369855489391	1453
1369855489483	25
1369855489566	130
1369855489633	520
1369855489784	305
1369855489813	60
1369855489832	845
1369855490011	51
1369855490041	1218
1369855490063	129
1369855490226	90
1369855490256	9
1369855497179	9
1369855504475	995
1369855504552	2476
1369855504613	1084
1369855504686	548
1369855504779	1010
1369855504826	53
1369855504895	233
1369855504951	406
1369855505017	519
1369855505106	421
1369855505155	35
1369855505224	7
1369855505317	173
1369855505451	37
1369855505479	474
1369855505536	289
1369855505563	809
1369855505758	660
1369855505786	313
1369855505811	1559
1369855505980	447
1369855506011	2403
1369855506033	410
1369855506200	537
1369855506227	1258
1369855506245	650
1369855506418	1089
1369855506448	241
1369855506477	22
1369855506505	9
1369855514048	319
1369855514077	540
1369855514099	920
1369855514119	703
1369855514439	7
1369855514465	29
1369855514491	253
1369855514512	315
1369855514651	410
1369855514676	671
1369855514695	32
1369855514710	7
1369855514726	1504
1369855514878	1733
1369855514923	9
1369855523065	1876
1369855523262	726
1369855523292	31
1369855523311	1053
1369855523332	1302
1369855523358	118
1369855523435	1599
1369855523502	890
1369855523564	255
1369855523649	457
1369855523699	1183
1369855523768	1085
1369855523836	816
1369855523902	1156
1369855523996	1677
1369855524043	410
1369855524113	660
1369855524175	760
1369855524241	1060
1369855524313	1559
1369855524375	9
1369855531074	9
1369855533227	9
1369855542916	9
1369855550081	9
1369855560006	9
1369855562602	9
1369855570015	1
1369855570092	864
1369855570298	753
1369855570562	533
1369855570741	215
1369855570770	543
1369855570813	880
1369855570848	1291
1369855570896	112
1369855570945	440
1369855570985	151
1369855571045	1743
1369855571086	412
1369855571166	10
1369855578398	442
1369855578590	309
1369855578649	7
1369855578743	424
1369855578815	221
1369855578869	261
1369855578917	93
1369855579006	1308
1369855579058	2101
1369855579158	484
1369855579220	232
1369855579269	115
1369855579318	322
1369855579450	466
1369855579489	38
1369855579522	160
1369855579656	188
1369855579704	85
1369855579758	983
1369855579880	454
1369855579922	1487
1369855579970	1012
1369855580101	126
1369855580149	111
1369855580186	319
1369855580324	965
1369855580371	323
1369855580408	439
1369855580539	9
1369855589884	9
1369855591113	9
1369855594362	9
1369855596594	9
1369855597870	9
1369855604032	9
1369855605658	9
1369855613410	139
1369855613470	1856
1369855613537	29
1369855613600	212
1369855613675	3049
1369855613738	153
1369855613812	1129
1369855613878	3575
1369855613942	110
1369855614011	767
1369855614077	33
1369855614153	1590
1369855614216	1343
1369855614293	1225
1369855614369	468
1369855614428	522
1369855614487	32
1369855614559	1107
1369855614626	595
1369855614693	9
1369855617782	9
1369855619397	9
1369855628034	9
1369855635552	440
1369855635632	791
1369855635703	1455
1369855635727	359
1369855635786	76
1369855635868	115
1369855635926	398
1369855635992	1014
1369855636074	490
1369855636130	986
1369855636196	1285
1369855636267	1001
1369855636336	741
1369855636404	150
1369855636474	527
1369855636540	186
1369855636604	694
1369855636677	145
1369855636741	1208
1369855636808	7
1369855636885	908
1369855636941	56
1369855637014	7
1369855637074	348
1369855637143	1338
1369855637216	893
1369855637281	384
1369855637347	1179
1369855637413	9
1369855643343	708
1369855643559	215
1369855643585	1567
1369855643612	1128
1369855643794	320
1369855643825	640
1369855643846	408
1369855643874	1547
1369855643998	492
1369855644019	550
1369855644041	119
1369855644222	1115
1369855644242	803
1369855644267	1023
1369855644440	110
1369855644466	1450
1369855644489	74
1369855644511	435
1369855644558	202
1369855644621	1265
1369855644693	523
1369855644758	1074
1369855644829	285
1369855644910	1436
1369855644963	919
1369855645031	211
1369855645103	1001
1369855645169	28
1369855645239	272
1369855645306	1108
1369855645374	387
1369855645442	711
1369855645516	641
1369855645577	1055
1369855645645	612
1369855645710	9
1369855648934	153
1369855649007	373
1369855649081	705
1369855649139	90
1369855649207	454
1369855649274	7
1369855649342	3211
1369855649411	7
1369855649539	1131
1369855649560	3761
1369855649668	1082
1369855649695	1011
1369855649755	541
1369855649975	1978
1369855649998	47
1369855650026	393
1369855650189	146
1369855650213	89
1369855650231	41
1369855650413	705
1369855650443	81
1369855650467	519
1369855650487	9
1369855660220	122
1369855660413	383
1369855660439	306
1369855660459	530
1369855660491	1140
1369855660556	1288
1369855660626	412
1369855660701	984
1369855660768	338
1369855660835	759
1369855660911	56
1369855660972	782
1369855661055	377
1369855661104	58
1369855661172	20
1369855661240	700
1369855661309	129
1369855661378	452
1369855661448	776
1369855661514	813
1369855661584	219
1369855661650	2100
1369855661722	440
1369855661785	9
1369855671790	9
1369855676372	9
1369855682340	9
1369855691676	9
1369855693927	7
1369855694003	7
1369855694059	825
1369855694128	3109
1369855694195	204
1369855694263	775
1369855694333	405
1369855694398	614
1369855694467	276
1369855694543	2091
1369855694615	831
1369855694693	298
1369855694740	150
1369855694809	200
1369855694878	1779
1369855694966	1443
1369855695013	2417
1369855695151	582
1369855695221	341
1369855695289	1419
1369855695356	298
1369855695425	1246
1369855695491	697
1369855695562	688
1369855695633	417
1369855695712	1763
1369855695774	121
1369855695832	9
1369855698536	9
1369855700663	9
1369855708323	9
1369855710146	7
1369855710216	74
1369855710286	657
1369855710348	599
1369855710417	154
1369855710494	1
1369855710558	21
1369855710620	1112
1369855710698	68
1369855710757	385
1369855710826	653
1369855710898	243
1369855710963	24
1369855711033	150
1369855711099	146
1369855711171	1212
1369855711236	117
1369855711303	1797
1369855711375	1057
1369855711450	715
1369855711519	501
1369855711582	1395
1369855711645	9
1369855718222	351
1369855718348	183
1369855718396	1
1369855718446	816
1369855718517	939
1369855718565	248
1369855718688	465
1369855718780	310
1369855719133	301
1369855719641	603
1369855720233	183
1369855720311	37
1369855720361	1840
1369855720773	81
1369855720992	1614
1369855721330	444
1369855721491	139
1369855721541	1572
1369855722532	9
1369855730488	9
1369855739822	9
1369855745804	9
1369855753196	301
1369855753416	209
1369855754100	356
1369855754503	568
1369855754592	1536
1369855754985	2498
1369855755276	1
1369855755418	981
1369855755774	9
1369855757726	9
1369855765965	45
1369855766202	183
1369855766523	7
1369855767108	234
1369855767256	1587
1369855767575	372
1369855768123	827
1369855768240	143
1369855768318	731
1369855776091	163
1369855776341	490
1369855776485	7
1369855776563	126
1369855776670	175
1369855777184	879
1369855777580	2244
1369855777975	30
1369855778093	998
1369855786633	9
1369855792646	9
1369855794155	9
1369855801124	844
1369855801361	2537
1369855801446	1729
1369855802001	2567
1369855802225	954
1369855802828	337
1369855803163	363
1369855803512	80
1369855806369	726
1369855806598	2079
1369855806954	1166
1369855807103	646
1369855807224	424
1369855807282	89
1369855807407	419
1369855807556	127
1369855807700	703
1369855807861	232
1369855808069	255
1369855808518	1176
1369855808677	1
1369855809034	528
1369855813223	172
1369855813432	9
1369855813688	1250
1369855814157	507
1369855814206	864
1369855814367	3260
1369855814838	7
1369855815118	1060
1369855815433	1273
1369855815490	1288
1369855823488	646
1369855823648	140
1369855823696	576
1369855823795	592
1369855823867	1053
1369855824273	788
1369855824862	148
1369855825044	2030
1369855825094	170
1369855825150	364
1369855825592	2419
1369855825954	9
1369855833059	538
1369855833285	591
1369855833403	678
1369855833594	2170
1369855833958	284
1369855834133	692
1369855834183	647
1369855834797	431
1369855842291	9
1369855847000	9
1369855851415	9
1369855853416	9
1369855856039	372
1369855856245	1035
1369855856460	243
1369855856534	1380
1369855856672	1356
1369855856803	294
1369855857056	545
1369855857604	923
1369855858326	45
1369855858589	1009
1369855867400	572
1369855867536	463
1369855867629	723
1369855867725	466
1369855867841	60
1369855867965	204
1369855868563	698
1369855868856	1860
1369855869239	483
1369855869615	115
1369855869714	174
1369855872372	926
1369855872516	2061
1369855872646	7
1369855873009	431
1369855873381	16
1369855873580	315
1369855873927	223
1369855874048	1342
1369855874298	239
1369855874683	328
1369855874936	1105
1369855875040	276
1369855877116	9
1369855884277	9
1369855891760	7
1369855891918	1690
1369855891973	7
1369855892213	157
1369855892343	179
1369855892381	23
1369855892447	899
1369855893035	817
1369855893312	578
1369855895744	29
1369855895867	567
1369855895940	107
1369855896167	1494
1369855896396	2529
1369855896994	166
1369855897168	1090
1369855897438	597
1369855897937	410
1369855898345	1626
1369855898792	1847
1369855899147	113
1369855901619	213
1369855901715	1624
1369855901912	518
1369855901993	55
1369855902344	81
1369855902643	1134
1369855902734	72
1369855902815	1054
1369855903020	80
1369855903396	871
1369855904113	11
1369855904199	29
1369855904484	1111
1369855910778	881
1369855910962	356
1369855911035	1417
1369855911229	113
1369855911686	60
1369855911759	66
1369855911886	1015
1369855912262	793
1369855912479	685
1369855912565	186
1369855912963	398
1369855913134	9
1369855916416	9
1369855927837	536
1369855928013	600
1369855928175	7
1369855928399	514
1369855928927	1315
1369855929360	7
1369855929748	551
1369855930181	237
1369855930809	1249
1369855931064	494
1369855935661	9
1369855941916	9
1369855950547	985
1369855951342	319
1369855951497	1957
1369855951587	510
1369855951814	446
1369855952410	2012
1369855952908	995
1369855953047	47
1369855953722	2187
1369855953906	9
1369855959350	9
1369855963958	9
1369855969489	9
1369855971035	9
1369855980472	9
1369855983463	1154
1369855983645	1173
1369855983862	163
1369855984293	1241
1369855984685	450
1369855984806	562
1369855984924	234
1369855985025	1015
1369855985067	1904
1369855985183	357
1369855985609	2017
1369855986227	7
1369855986322	378
1369855986892	1062
1369855992876	9
1369856001884	9
1369856005711	1707
1369856005880	58
1369856006140	205
1369856006434	1117
1369856006540	516
1369856006713	483
1369856006907	255
1369856007188	366
1369856007351	612
1369856011947	9
1369856016347	9
1369856023500	9
1369856031344	9
1369856040792	9
1369856045843	212
1369856046215	1776
1369856046286	281
1369856046703	327
1369856046936	221
1369856047373	1665
1369856047650	697
1369856047898	455
1369856048103	9
1369856052891	9
1369856057660	9
1369856062434	1351
1369856062566	215
1369856062937	2102
1369856063310	880
1369856063775	124
1369856063982	354
1369856064123	2485
1369856064544	1586
1369856064876	9
1369856071129	150
1369856071376	739
1369856071540	293
1369856071945	470
1369856072079	480
1369856072503	182
1369856073100	55
1369856073175	7
1369856073585	1528
1369856073850	7
1369856074214	10
1369856074686	264
1369856074786	2087
1369856082062	9
1369856098934	268
1369856099145	1582
1369856099569	1109
1369856100015	334
1369856100590	174
1369856101168	101
1369856101500	86
1369856101592	2597
1369856106493	9
1369856111705	1621
1369856111885	50
1369856112066	144
1369856112503	685
1369856112853	775
1369856113092	2269
1369856113491	2219
1369856114129	317
1369856114495	430
1369856115382	7
1369856115534	42
1369856115708	100
1369856115848	7
1369856115905	305
1369856116288	205
1369856116719	7
1369856117033	640
1369856117200	292
1369856117694	2110
1369856123363	325
1369856123521	496
1369856123640	1559
1369856123688	46
1369856123849	243
1369856124441	1285
1369856124545	853
1369856125049	462
1369856125769	967
1369856126255	313
1369856126602	1294
1369856126991	481
1369856132270	9
1369856139107	9
1369856147874	9
1369856150369	9
1369856156896	9
1369856158466	2072
1369856158608	7
1369856158757	105
1369856158921	549
1369856159024	501
1369856159375	135
1369856159454	511
1369856159630	3370
1369856159902	658
1369856160249	864
1369856160951	526
1369856161572	202
1369856161826	964
1369856162297	193
1369856162865	1461
1369856163066	326
1369856163149	607
1369856163294	515
1369856163910	391
1369856164340	922
1369856164784	24
1369856165137	285
1369856165793	2350
1369856170047	1030
1369856170200	656
1369856170267	138
1369856170414	353
1369856170731	208
1369856171350	353
1369856171736	1
1369856171896	56
1369856172279	214
1369856172530	9
1369856176674	979
1369856177026	197
1369856177095	285
1369856177158	1536
1369856177281	521
1369856177694	2
1369856177869	1903
1369856178161	1063
1369856178729	310
1369856179204	2935
1369856179394	929
1369856179684	663
1369856180171	2143
1369856180308	288
1369856180431	847
1369856180553	1233
1369856180699	108
1369856181283	685
1369856181319	800
1369856181385	506
1369856181524	823
1369856181637	1798
1369856182295	348
1369856182613	305
1369856182785	484
1369856188157	9
1369856191335	9
1369856200088	9
1369856210177	9
1369856211235	1097
1369856211464	660
1369856211807	220
1369856212311	38
1369856212874	404
1369856213043	1460
1369856213579	9
1369856219037	343
1369856219205	127
1369856219408	736
1369856219667	1974
1369856220035	672
1369856220311	100
1369856220653	2474
1369856220776	585
1369856220923	9
1369856223568	9
1369856226775	9
1369856228626	59
1369856229038	618
1369856229113	194
1369856229151	1155
1369856229415	138
1369856229810	1040
1369856230376	1101
1369856230610	671
1369856231085	242
1369856233073	442
1369856233434	632
1369856233545	293
1369856233918	778
1369856234008	2685
1369856234084	986
1369856234252	1393
1369856234440	1897
1369856234618	172
1369856234761	256
1369856234861	519
1369856237199	9
1369856239455	9
1369856242087	9
1369856249933	9
1369856250994	9
1369856260848	9
1369856268936	1220
1369856269072	7
1369856269411	906
1369856269546	71
1369856269654	7
1369856270030	699
1369856270152	2316
1369856270514	410
1369856270695	1640
1369856270863	719
1369856271266	477
1369856271783	36
1369856272200	1946
1369856274682	533
1369856274936	1895
1369856275089	70
1369856275314	1637
1369856275796	896
1369856276284	190
1369856276752	1232
1369856276893	1927
1369856277136	346
1369856277567	165
1369856278448	9
1369856280998	9
1369856290002	1063
1369856290223	1130
1369856290470	1704
1369856290863	425
1369856290981	43
1369856291398	1005
1369856291985	1097
1369856292609	110
1369856292795	183
1369856293243	9
1369856303154	9
1369856305234	9
1369856306420	9
1369856316119	7
1369856316296	1958
1369856316348	36
1369856316743	2427
1369856316865	1796
1369856317052	536
1369856317231	433
1369856317444	270
1369856318046	1066
1369856318576	108
1369856318710	63
1369856326187	9
1369856329830	196
1369856330206	239
1369856330255	892
1369856330296	816
1369856330781	2372
1369856330851	251
1369856330897	556
1369856331405	142
1369856331542	7
1369856331988	1310
1369856332628	421
1369856339893	7
1369856340090	703
1369856340583	228
1369856340943	378
1369856341491	1889
1369856341626	2294
1369856341694	21
1369856350203	760
1369856350382	747
1369856350747	33
1369856351146	148
1369856351442	1592
1369856352161	1751
1369856352606	9
1369856353035	9
1369856359894	138
1369856360035	574
1369856360296	498
1369856360872	825
1369856361093	2222
1369856361619	37
1369856361925	1650
1369856361968	265
1369856362062	43
1369856369139	9
1369856371464	640
1369856371642	1483
1369856371900	73
1369856372069	1418
1369856372285	7
1369856372495	422
1369856373072	399
1369856373210	1343
1369856379224	9
1369856380297	9
1369856388106	9
1369856391725	1013
1369856392044	1085
1369856392461	446
1369856392575	1044
1369856392815	87
1369856392984	325
1369856393090	1332
1369856393642	263
1369856393804	574
1369856394193	240
1369856394741	53
1369856395183	146
1369856396774	506
1369856396894	1036
1369856397275	560
1369856397897	2405
1369856398364	858
1369856398556	1251
1369856398909	152
1369856402065	9
1369856411163	7
1369856411246	250
1369856411385	1538
1369856411561	490
1369856411715	890
1369856411774	668
1369856411858	2729
1369856412058	280
1369856412363	236
1369856412438	537
1369856412504	1171
1369856412861	279
1369856413509	683
1369856413899	14
1369856414315	821
1369856417839	235
1369856418024	1546
1369856418156	1481
1369856418423	616
1369856418846	7
1369856418974	553
1369856419100	1054
1369856419608	529
1369856420291	1167
1369856420960	9
1369856421334	7
1369856421753	11
1369856426924	9
1369856432226	152
1369856432330	2098
1369856432442	5
1369856432871	283
1369856433027	661
1369856433598	730
1369856434093	831
1369856434643	242
1369856435193	175
1369856435307	764
1369856438821	108
1369856439061	1059
1369856439168	186
1369856439466	1464
1369856439862	1631
1369856440224	152
1369856440401	755
1369856440758	663
1369856441059	699
1369856441203	131
1369856441482	172
1369856441787	11
1369856442066	2286
1369856442345	154
1369856442482	9
1369856443560	9
1369856447085	9
1369856450471	18
1369856450565	258
1369856450780	1174
1369856450923	220
1369856451308	1341
1369856451510	9
1369856451634	3036
1369856452040	1304
1369856452386	755
1369856452518	9
1369856458475	9
1369856465769	9
1369856474458	599
1369856474848	202
1369856474908	429
1369856475258	826
1369856475404	654
1369856475647	1639
1369856476253	2095
1369856476868	361
1369856476982	2733
1369856480648	791
1369856481206	668
1369856481372	430
1369856481630	347
1369856482051	207
1369856482519	7
1369856482791	550
1369856482978	173
1369856484185	9
1369856492445	9
1369856500353	2027
1369856500578	729
1369856500632	704
1369856500853	412
1369856501047	621
1369856501417	1998
1369856502195	362
1369856502920	28
1369856503468	1559
1369856505920	9
1369856513215	9
1369856518205	870
1369856518435	1268
1369856518973	451
1369856519252	229
1369856519629	340
1369856520065	121
1369856520108	560
1369856520609	93
1369856520891	494
1369856521107	75
1369856521161	9
1369856525776	463
1369856525997	691
1369856526366	11
1369856526498	633
1369856526781	343
1369856527587	684
1369856528195	336
1369856528518	402
1369856528955	9
1369856536591	9
1369856542191	186
1369856542619	1415
1369856542786	83
1369856543138	210
1369856543476	62
1369856543904	796
1369856544384	543
1369856544434	1122
1369856553456	9
1369856560941	9
1369856562718	600
1369856563158	7
1369856563656	7
1369856563879	122
1369856564030	313
1369856564628	247
1369856564996	617
1369856565305	680
1369856570262	9
1369856578776	172
1369856578888	1671
1369856578950	35
1369856578993	659
1369856579061	1
1369856579164	84
1369856579240	849
1369856579448	505
1369856580077	139
1369856580463	1252
1369856580649	523
1369856580892	1670
1369856581088	2143
1369856581559	454
1369856581947	9
1369856586686	164
1369856586897	1185
1369856587020	190
1369856587085	353
1369856587157	562
1369856587599	7
1369856587969	614
1369856588377	1859
1369856588816	1539
1369856589369	1743
1369856596764	9
1369856606718	9
1369856609397	2167
1369856609540	392
1369856609683	343
1369856609893	59
1369856609982	260
1369856610412	1617
1369856610446	2088
1369856610561	171
1369856610836	124
1369856611206	1629
1369856611706	112
1369856611830	88
1369856612115	62
1369856616613	408
1369856616816	372
1369856617184	636
1369856617636	1109
1369856618047	21
1369856618185	238
1369856618514	861
1369856618946	995
1369856621916	9
1369856626832	9
1369856635762	9
1369856640858	1126
1369856641027	36
1369856641084	528
1369856641271	340
1369856641657	368
1369856641745	1586
1369856642101	2443
1369856642168	2638
1369856642651	703
1369856643028	9
1369856648586	9
1369856655541	9
1369856660149	1766
1369856660280	257
1369856660367	1880
1369856660497	84
1369856660609	2050
1369856660872	98
1369856661599	7
1369856661976	20
1369856662578	7
1369856663096	645
1369856665402	9
1369856666014	9
1369856670965	9
1369856675820	9
1369856682191	9
1369856684574	1594
1369856684738	395
1369856684789	274
1369856685099	2187
1369856685788	800
1369856685957	804
1369856686634	528
1369856687014	1474
1369856687296	9
1369856696434	9
1369856702425	9
1369856704574	9
1369856710347	483
1369856710753	392
1369856711186	1379
1369856711605	976
1369856712247	1241
1369856712765	606
1369856712828	4163
1369856712937	2159
1369856721027	746
1369856721066	247
1369856721128	224
1369856721214	281
1369856721249	945
1369856721447	1184
1369856721602	951
1369856722047	651
1369856722488	89
1369856723035	3858
1369856723475	221
1369856723700	673
1369856731513	39
1369856731746	598
1369856731857	166
1369856732034	163
1369856732498	218
1369856732570	243
1369856733108	922
1369856733227	163
1369856733684	7
1369856734218	373
1369856737173	1542
1369856737285	197
1369856737423	909
1369856738030	1493
1369856738306	1118
1369856738775	135
1369856739105	1465
1369856739148	238
1369856739192	33
1369856742360	9
1369856749344	9
1369856753365	550
1369856753666	305
1369856753755	2046
1369856753806	78
1369856754180	1648
1369856754639	7
1369856754778	857
1369856755358	869
1369856755617	942
1369856763370	1106
1369856763755	64
1369856763835	504
1369856763971	7
1369856764263	1030
1369856764780	7
1369856765310	7
1369856765507	84
1369856769339	700
1369856769907	1293
1369856770404	704
1369856770923	1381
1369856770976	494
1369856771124	1284
1369856771608	109
1369856771735	158
1369856779893	9
1369856789310	9
1369856793180	1667
1369856793379	94
1369856793446	184
1369856793807	845
1369856794062	1022
1369856794338	379
1369856794898	84
1369856803422	9
1369856811279	1031
1369856811585	125
1369856812000	241
1369856812275	126
1369856812338	471
1369856812428	324
1369856812585	936
1369856813012	306
1369856813535	1853
1369856813580	336
1369856813661	178
1369856818448	9
1369856825098	9
1369856830209	9
1369856836958	9
1369856842552	9
1369856845317	9
1369856850299	503
1369856850426	2696
1369856850511	1325
1369856850648	451
1369856851086	2449
1369856851673	166
1369856852024	1632
1369856852473	159
1369856857430	9
1369856862265	9
1369856866398	1466
1369856866597	217
1369856866654	7
1369856866968	821
1369856867454	1065
1369856867941	813
1369856868080	694
1369856868334	894
1369856870838	9
1369856875155	87
1369856875478	279
1369856875590	587
1369856875912	93
1369856876060	59
1369856876730	25
1369856877144	269
1369856877650	1780
1369856877751	9
1369856882000	9
1369856884472	398
1369856884540	848
1369856884612	2484
1369856884703	593
1369856884809	1381
1369856885346	1789
1369856885438	639
1369856885527	46
1369856885661	60
1369856885782	231
1369856886276	47
1369856886455	74
1369856886701	224
1369856890456	9
1369856897557	29
1369856897758	1169
1369856897867	108
1369856898037	893
1369856898229	997
1369856898658	893
1369856898934	1803
1369856899384	356
1369856899467	644
1369856899771	494
1369856908072	9
1369856916714	9
1369856918578	9
1369856922399	9
1369856929686	9
1369856938153	241
1369856938417	211
1369856938781	14
1369856938849	221
1369856938926	782
1369856939265	2413
1369856939838	468
1369856940645	7
1369856941186	2484
1369856941634	9
1369856947019	9
1369856953231	9
1369856961194	923
1369856961415	116
1369856961502	571
1369856961659	851
1369856962058	661
1369856962562	182
1369856962802	1243
1369856963446	1361
1369856963906	188
1369856964559	896
1369856969219	946
1369856969416	432
1369856969607	568
1369856969730	952
1369856969943	29
1369856970586	63
1369856971215	1880
1369856971547	1809
1369856972222	7
1369856972263	42
1369856977654	326
1369856977866	673
1369856978074	1489
1369856978168	255
1369856978326	553
1369856978438	558
1369856978706	161
1369856978855	159
1369856979221	281
1369856979728	1042
1369856980095	392
1369856985197	9
1369856990916	170
1369856991178	68
1369856991277	565
1369856991481	496
1369856991554	732
1369856991655	174
1369856992156	76
1369856992302	765
1369856992408	300
1369856992538	862
1369856993129	9
1369856995239	9
1369856999877	9
1369857006108	9
1369857008919	9
1369857017152	446
1369857017395	180
1369857017474	225
1369857017576	58
1369857017654	468
1369857018054	287
1369857018701	323
1369857019098	168
1369857019566	56
1369857026135	665
1369857026557	300
1369857026694	735
1369857026736	16
1369857026806	575
1369857027202	2322
1369857027459	7
1369857027507	184
1369857027562	100
1369857027736	479
1369857027922	1085
1369857028435	9
1369857036275	9
1369857044866	9
1369857047797	1332
1369857047872	216
1369857048021	568
1369857048189	171
1369857048683	1384
1369857048786	176
1369857048952	1041
1369857049119	175
1369857049209	2900
1369857049795	116
1369857050506	9
1369857051032	2776
1369857051199	91
1369857051434	124
1369857051902	158
1369857052013	424
1369857052151	98
1369857052624	200
1369857053206	777
1369857053278	694
1369857053409	670
1369857060582	9
1369857067207	158
1369857067384	235
1369857067479	1040
1369857067627	222
1369857067740	119
1369857067833	239
1369857067921	352
1369857068065	700
1369857068192	446
1369857068556	1746
1369857069292	1436
1369857069362	1042
1369857069400	695
1369857079754	607
1369857079927	161
1369857080138	249
1369857080247	1060
1369857080642	51
1369857080775	887
1369857081401	312
1369857081773	817
1369857082356	639
1369857089408	859
1369857089726	687
1369857089992	18
1369857090310	1718
1369857090977	1372
1369857091194	1060
1369857091714	335
1369857097000	1555
1369857097187	186
1369857097312	783
1369857097737	39
1369857097868	514
1369857097959	96
1369857098050	556
1369857098192	2723
1369857098560	1275
1369857099214	1745
1369857099603	342
1369857099786	77
1369857106386	9
1369857114706	9
1369857115995	9
1369857122572	68
1369857122747	446
1369857122899	340
1369857122987	1694
1369857123062	899
1369857123460	96
1369857123950	7
1369857124109	2031
1369857124227	163
1369857124828	1331
1369857125521	9
1369857131505	37
1369857131667	473
1369857131706	429
1369857132091	479
1369857132430	1719
1369857132539	70
1369857132857	1132
1369857133225	30
1369857133807	425
1369857143617	49
1369857143741	545
1369857143871	476
1369857144096	244
1369857144650	574
1369857145135	1061
1369857145364	176
1369857145795	1169
1369857149551	979
1369857149645	524
1369857149724	1189
1369857149774	713
1369857149924	13
1369857150411	2867
1369857150807	2762
1369857150994	384
1369857151083	1888
1369857151160	1012
1369857151747	9
1369857160459	7
1369857160712	1581
1369857161179	753
1369857161545	4
1369857161941	489
1369857162025	1217
1369857162355	352
1369857165287	199
1369857165388	7
1369857165492	360
1369857165565	147
1369857165603	1641
1369857165687	506
1369857165735	7
1369857165795	1402
1369857165926	354
1369857166084	1512
1369857166364	1496
1369857166751	1255
1369857167113	815
1369857167561	85
1369857167786	881
1369857169233	9
1369857171283	9
1369857177052	939
1369857177318	1077
1369857177388	271
1369857177629	841
1369857178000	33
1369857178091	1347
1369857178595	1272
1369857179070	626
1369857179189	142
1369857179402	494
1369857184149	845
1369857184497	189
1369857184575	746
1369857184618	1739
1369857184807	1653
1369857184952	326
1369857185058	705
1369857185346	2
1369857185734	502
1369857186265	1013
1369857186922	2148
1369857187316	9
1369857193673	424
1369857193867	227
1369857193997	742
1369857194331	92
1369857194756	54
1369857195074	515
1369857195528	416
1369857196182	1719
1369857204554	205
1369857204766	7
1369857205147	2767
1369857205730	974
1369857206178	630
1369857206462	694
1369857210642	52
1369857210809	510
1369857210915	398
1369857211097	376
1369857211573	647
1369857212033	523
1369857212148	1033
1369857212283	1211
1369857212931	911
1369857213429	1164
1369857213655	341
1369857216498	9
1369857220492	9
1369857226086	9
1369857227950	9
1369857233704	9
1369857242454	9
1369857246511	1246
1369857246742	497
1369857247096	818
1369857247554	566
1369857247711	203
1369857248072	7
1369857248421	1087
1369857248574	698
1369857249309	41
1369857249454	9
1369857249933	9
1369857257557	217
1369857257736	50
1369857257960	1248
1369857258347	619
1369857258804	804
1369857258935	559
1369857259129	65
1369857259732	106
1369857266714	9
1369857271414	9
1369857274238	291
1369857274491	225
1369857274790	166
1369857275044	159
1369857275347	431
1369857275871	818
1369857276251	212
1369857276962	600
1369857277087	1177
1369857277252	1636
1369857279548	9
1369857287395	2622
1369857287859	323
1369857288274	28
1369857288848	2034
1369857288899	156
1369857289195	64
1369857293158	133
1369857293387	563
1369857293520	564
1369857293635	2720
1369857293715	192
1369857294335	2266
1369857294827	10
1369857295208	53
1369857295338	26
1369857295690	165
1369857295792	238
1369857295857	9
1369857300053	9
1369857307397	9
1369857313022	9
1369857320201	9
1369857328106	9
1369857336172	9
1369857336574	501
1369857337018	1
1369857337454	91
1369857338076	401
1369857338637	4266
1369857339054	1303
1369857343863	47
1369857343991	784
1369857344352	548
1369857344516	1045
1369857344856	1717
1369857345149	96
1369857345353	235
1369857345640	1571
1369857346420	261
1369857347124	1416
1369857347318	2278
1369857348154	294
1369857348313	290
1369857348835	831
1369857349405	1582
1369857349545	616
1369857349813	1245
1369857350341	762
1369857350539	3382
1369857351108	191
1369857352555	561
1369857352847	368
1369857353188	825
1369857353743	290
